<?xml version="1.0" encoding="UTF-8"?>
<robot generator="Robot 6.1.1 (Python 3.11.4 on darwin)" generated="20231005 07:33:53.280" rpa="false" schemaversion="4">
<suite id="s1" name="Webpage" source="/Users/karthikeyanm/RobotFrameworkProject/WebPages/webpage.robot">
<test id="s1-t1" name="SelectElements" line="7">
<kw name="Open Browser" library="SeleniumLibrary">
<arg>https://only-testing-blog.blogspot.com/</arg>
<arg>chrome</arg>
<doc>Opens a new browser instance to the optional ``url``.</doc>
<msg timestamp="20231005 07:33:53.768" level="INFO">Opening browser 'chrome' to base url 'https://only-testing-blog.blogspot.com/'.</msg>
<status status="PASS" starttime="20231005 07:33:53.767" endtime="20231005 07:34:01.322"/>
</kw>
<kw name="Maximize Browser Window" library="SeleniumLibrary">
<doc>Maximizes current browser window.</doc>
<status status="PASS" starttime="20231005 07:34:01.323" endtime="20231005 07:34:01.746"/>
</kw>
<kw name="Set Selenium Speed" library="SeleniumLibrary">
<arg>2 seconds</arg>
<doc>Sets the delay that is waited after each Selenium command.</doc>
<status status="PASS" starttime="20231005 07:34:01.747" endtime="20231005 07:34:01.748"/>
</kw>
<status status="PASS" starttime="20231005 07:33:53.766" endtime="20231005 07:34:01.749"/>
</test>
<status status="PASS" starttime="20231005 07:33:53.285" endtime="20231005 07:34:01.751"/>
</suite>
<statistics>
<total>
<stat pass="1" fail="0" skip="0">All Tests</stat>
</total>
<tag>
</tag>
<suite>
<stat pass="1" fail="0" skip="0" id="s1" name="Webpage">Webpage</stat>
</suite>
</statistics>
<errors>
</errors>
</robot>
