<?xml version="1.0" encoding="UTF-8"?>
<robot generator="Robot 6.1.1 (Python 3.11.4 on darwin)" generated="20231027 21:33:33.481" rpa="false" schemaversion="4">
<suite id="s1" name="NopCommLogin" source="/Users/karthikeyanm/RobotFrameworkProject/PageObjectModel_Project/TestCases/NopCommLogin.robot">
<test id="s1-t1" name="LoginNopCommerce" line="13">
<kw name="Open nopcommerce application" library="LoginPage_Keywords">
<arg>${url}</arg>
<arg>${browser}</arg>
<kw name="Open Browser" library="SeleniumLibrary">
<arg>${url}</arg>
<arg>${browser}</arg>
<doc>Opens a new browser instance to the optional ``url``.</doc>
<msg timestamp="20231027 21:33:33.963" level="INFO">Opening browser 'Chrome' to base url 'https://admin-demo.nopcommerce.com/login'.</msg>
<status status="PASS" starttime="20231027 21:33:33.963" endtime="20231027 21:33:37.814"/>
</kw>
<kw name="Maximize Browser Window" library="SeleniumLibrary">
<doc>Maximizes current browser window.</doc>
<status status="PASS" starttime="20231027 21:33:37.814" endtime="20231027 21:33:38.243"/>
</kw>
<kw name="Sleep" library="BuiltIn">
<arg>2s</arg>
<doc>Pauses the test executed for the given time.</doc>
<msg timestamp="20231027 21:33:40.246" level="INFO">Slept 2 seconds</msg>
<status status="PASS" starttime="20231027 21:33:38.243" endtime="20231027 21:33:40.246"/>
</kw>
<status status="PASS" starttime="20231027 21:33:33.962" endtime="20231027 21:33:40.246"/>
</kw>
<kw name="Input Username" library="LoginPage_Keywords">
<arg>${username}</arg>
<kw name="Input Text" library="SeleniumLibrary">
<arg>${txt_username}</arg>
<arg>${username}</arg>
<doc>Types the given ``text`` into the text field identified by ``locator``.</doc>
<msg timestamp="20231027 21:33:40.250" level="INFO">Typing text 'admin@yourstore.com' into text field 'id:Email'.</msg>
<status status="PASS" starttime="20231027 21:33:40.248" endtime="20231027 21:33:40.460"/>
</kw>
<status status="PASS" starttime="20231027 21:33:40.247" endtime="20231027 21:33:40.460"/>
</kw>
<kw name="Input Password" library="LoginPage_Keywords">
<arg>${password}</arg>
<kw name="Input Text" library="SeleniumLibrary">
<arg>${txt_password}</arg>
<arg>${password}</arg>
<doc>Types the given ``text`` into the text field identified by ``locator``.</doc>
<msg timestamp="20231027 21:33:40.461" level="INFO">Typing text 'admin' into text field 'id:Password'.</msg>
<status status="PASS" starttime="20231027 21:33:40.461" endtime="20231027 21:33:40.576"/>
</kw>
<status status="PASS" starttime="20231027 21:33:40.460" endtime="20231027 21:33:40.576"/>
</kw>
<kw name="Click Login button" library="LoginPage_Keywords">
<kw name="Click Button" library="SeleniumLibrary">
<arg>${button_Login}</arg>
<doc>Clicks the button identified by ``locator``.</doc>
<msg timestamp="20231027 21:33:40.577" level="INFO">Clicking button 'xpath://button[normalize-space()='Log in']'.</msg>
<status status="PASS" starttime="20231027 21:33:40.576" endtime="20231027 21:33:45.007"/>
</kw>
<kw name="Sleep" library="BuiltIn">
<arg>2s</arg>
<doc>Pauses the test executed for the given time.</doc>
<msg timestamp="20231027 21:33:47.009" level="INFO">Slept 2 seconds</msg>
<status status="PASS" starttime="20231027 21:33:45.007" endtime="20231027 21:33:47.009"/>
</kw>
<status status="PASS" starttime="20231027 21:33:40.576" endtime="20231027 21:33:47.009"/>
</kw>
<kw name="Click Logout button" library="LoginPage_Keywords">
<kw name="Click Element" library="SeleniumLibrary">
<arg>${link_logout}</arg>
<doc>Click the element identified by ``locator``.</doc>
<msg timestamp="20231027 21:33:47.011" level="INFO">Clicking element '//a[normalize-space()='Logout']'.</msg>
<status status="PASS" starttime="20231027 21:33:47.010" endtime="20231027 21:33:48.533"/>
</kw>
<kw name="Sleep" library="BuiltIn">
<arg>2s</arg>
<doc>Pauses the test executed for the given time.</doc>
<msg timestamp="20231027 21:33:50.538" level="INFO">Slept 2 seconds</msg>
<status status="PASS" starttime="20231027 21:33:48.533" endtime="20231027 21:33:50.538"/>
</kw>
<status status="PASS" starttime="20231027 21:33:47.010" endtime="20231027 21:33:50.538"/>
</kw>
<status status="PASS" starttime="20231027 21:33:33.962" endtime="20231027 21:33:50.539"/>
</test>
<status status="PASS" starttime="20231027 21:33:33.484" endtime="20231027 21:33:50.543"/>
</suite>
<statistics>
<total>
<stat pass="1" fail="0" skip="0">All Tests</stat>
</total>
<tag>
</tag>
<suite>
<stat pass="1" fail="0" skip="0" id="s1" name="NopCommLogin">NopCommLogin</stat>
</suite>
</statistics>
<errors>
</errors>
</robot>
