<?xml version="1.0" encoding="UTF-8"?>
<robot generator="Robot 6.1.1 (Python 3.11.4 on darwin)" generated="20231029 13:29:26.022" rpa="false" schemaversion="4">
<suite id="s1" name="NopCommLogin" source="/Users/karthikeyanm/RobotFrameworkProject/PageObjectModel_Project/TestCases/NopCommLogin.robot">
<test id="s1-t1" name="LoginNopCommerce" line="19">
<kw name="Open nopcommerce application" library="LoginPage_Keywords">
<arg>${url}</arg>
<arg>${browser}</arg>
<kw name="Open Browser" library="SeleniumLibrary">
<arg>${url}</arg>
<arg>${browser}</arg>
<doc>Opens a new browser instance to the optional ``url``.</doc>
<msg timestamp="20231029 13:29:26.513" level="INFO">Opening browser 'Chrome' to base url 'https://admin-demo.nopcommerce.com/login'.</msg>
<status status="PASS" starttime="20231029 13:29:26.512" endtime="20231029 13:29:30.718"/>
</kw>
<kw name="Maximize Browser Window" library="SeleniumLibrary">
<doc>Maximizes current browser window.</doc>
<status status="PASS" starttime="20231029 13:29:30.718" endtime="20231029 13:29:31.139"/>
</kw>
<status status="PASS" starttime="20231029 13:29:26.512" endtime="20231029 13:29:31.140"/>
</kw>
<kw name="Set Selenium Speed" library="SeleniumLibrary">
<arg>1s</arg>
<doc>Sets the delay that is waited after each Selenium command.</doc>
<status status="PASS" starttime="20231029 13:29:31.140" endtime="20231029 13:29:31.142"/>
</kw>
<kw name="Input Username" library="LoginPage_Keywords">
<arg>${username}</arg>
<kw name="Input Text" library="SeleniumLibrary">
<arg>${txt_username}</arg>
<arg>${username}</arg>
<doc>Types the given ``text`` into the text field identified by ``locator``.</doc>
<msg timestamp="20231029 13:29:31.145" level="INFO">Typing text 'admin@yourstore.com' into text field 'id:Email'.</msg>
<status status="PASS" starttime="20231029 13:29:31.143" endtime="20231029 13:29:34.355"/>
</kw>
<status status="PASS" starttime="20231029 13:29:31.142" endtime="20231029 13:29:34.355"/>
</kw>
<kw name="Input Password" library="LoginPage_Keywords">
<arg>${password}</arg>
<kw name="Input Text" library="SeleniumLibrary">
<arg>${txt_password}</arg>
<arg>${password}</arg>
<doc>Types the given ``text`` into the text field identified by ``locator``.</doc>
<msg timestamp="20231029 13:29:34.358" level="INFO">Typing text 'admin' into text field 'id:Password'.</msg>
<status status="PASS" starttime="20231029 13:29:34.357" endtime="20231029 13:29:37.500"/>
</kw>
<status status="PASS" starttime="20231029 13:29:34.356" endtime="20231029 13:29:37.500"/>
</kw>
<kw name="Click Login button" library="LoginPage_Keywords">
<kw name="Click Button" library="SeleniumLibrary">
<arg>${button_Login}</arg>
<doc>Clicks the button identified by ``locator``.</doc>
<msg timestamp="20231029 13:29:37.502" level="INFO">Clicking button 'xpath://button[normalize-space()='Log in']'.</msg>
<status status="PASS" starttime="20231029 13:29:37.501" endtime="20231029 13:29:47.776"/>
</kw>
<status status="PASS" starttime="20231029 13:29:37.500" endtime="20231029 13:29:47.776"/>
</kw>
<kw name="Invoke Dashboard" library="AddStoreInfo_Keywords">
<kw name="Click Element" library="SeleniumLibrary">
<arg>${link_dashboard}</arg>
<doc>Click the element identified by ``locator``.</doc>
<msg timestamp="20231029 13:29:47.778" level="INFO">Clicking element 'xpath://p[normalize-space()='Dashboard']'.</msg>
<status status="PASS" starttime="20231029 13:29:47.777" endtime="20231029 13:29:50.959"/>
</kw>
<status status="PASS" starttime="20231029 13:29:47.776" endtime="20231029 13:29:50.959"/>
</kw>
<kw name="Add Store Information" library="AddStoreInfo_Keywords">
<kw name="Click Element" library="SeleniumLibrary">
<arg>${link_Storeinfo}</arg>
<doc>Click the element identified by ``locator``.</doc>
<msg timestamp="20231029 13:29:50.961" level="INFO">Clicking element '//a[@class='configuration-step-link store-info-step']'.</msg>
<status status="PASS" starttime="20231029 13:29:50.960" endtime="20231029 13:29:54.520"/>
</kw>
<status status="PASS" starttime="20231029 13:29:50.959" endtime="20231029 13:29:54.520"/>
</kw>
<kw name="Close the Store name alert window" library="AddStoreInfo_Keywords">
<kw name="Click Element" library="SeleniumLibrary">
<arg>${link_closesym}</arg>
<doc>Click the element identified by ``locator``.</doc>
<msg timestamp="20231029 13:29:54.522" level="INFO">Clicking element '//button[@aria-label='Close Tour']//span[@aria-hidden='true'][normalize-space()='×']'.</msg>
<status status="PASS" starttime="20231029 13:29:54.521" endtime="20231029 13:29:56.598"/>
</kw>
<status status="PASS" starttime="20231029 13:29:54.521" endtime="20231029 13:29:56.598"/>
</kw>
<kw name="Get Today's Date" library="AddStoreInfo_Keywords">
<kw name="Get Text" library="SeleniumLibrary">
<var>${TodayDate}</var>
<arg>${gettext_todaydate}</arg>
<doc>Returns the text value of the element identified by ``locator``.</doc>
<msg timestamp="20231029 13:29:58.644" level="INFO">${TodayDate} = Sunday, October 29, 2023 12:59 AM</msg>
<status status="PASS" starttime="20231029 13:29:56.599" endtime="20231029 13:29:58.644"/>
</kw>
<kw name="Log To Console" library="BuiltIn">
<arg>Today's Date is: ${gettext_todaydate}</arg>
<doc>Logs the given message to the console.</doc>
<status status="PASS" starttime="20231029 13:29:58.645" endtime="20231029 13:29:58.645"/>
</kw>
<status status="PASS" starttime="20231029 13:29:56.599" endtime="20231029 13:29:58.645"/>
</kw>
<kw name="NopCommerce Version" library="AddStoreInfo_Keywords">
<kw name="Get Text" library="SeleniumLibrary">
<var>${NopCommVersion}</var>
<arg>${gettext_nopversion}</arg>
<doc>Returns the text value of the element identified by ``locator``.</doc>
<msg timestamp="20231029 13:30:00.686" level="INFO">${NopCommVersion} = nopCommerce version 4.60.0</msg>
<status status="PASS" starttime="20231029 13:29:58.646" endtime="20231029 13:30:00.686"/>
</kw>
<kw name="Log To Console" library="BuiltIn">
<arg>NopCommerceVersion: ${gettext_nopversion}</arg>
<doc>Logs the given message to the console.</doc>
<status status="PASS" starttime="20231029 13:30:00.687" endtime="20231029 13:30:00.687"/>
</kw>
<status status="PASS" starttime="20231029 13:29:58.646" endtime="20231029 13:30:00.687"/>
</kw>
<kw name="NopCommerce Website" library="AddStoreInfo_Keywords">
<kw name="Click Element" library="SeleniumLibrary">
<arg>${link_nopcommwebsite}</arg>
<doc>Click the element identified by ``locator``.</doc>
<msg timestamp="20231029 13:30:00.689" level="INFO">Clicking element 'xpath://a[normalize-space()='nopCommerce']'.</msg>
<status status="PASS" starttime="20231029 13:30:00.688" endtime="20231029 13:30:02.798"/>
</kw>
<kw name="Sleep" library="BuiltIn">
<arg>2s</arg>
<doc>Pauses the test executed for the given time.</doc>
<msg timestamp="20231029 13:30:04.799" level="INFO">Slept 2 seconds</msg>
<status status="PASS" starttime="20231029 13:30:02.798" endtime="20231029 13:30:04.799"/>
</kw>
<kw name="Title Should Be" library="SeleniumLibrary">
<arg>Edit store details / nopCommerce administration</arg>
<doc>Verifies that the current page title equals ``title``.</doc>
<msg timestamp="20231029 13:30:05.808" level="INFO">Page title is 'Edit store details / nopCommerce administration'.</msg>
<status status="PASS" starttime="20231029 13:30:04.799" endtime="20231029 13:30:05.809"/>
</kw>
<kw name="Sleep" library="BuiltIn">
<arg>2s</arg>
<doc>Pauses the test executed for the given time.</doc>
<msg timestamp="20231029 13:30:07.810" level="INFO">Slept 2 seconds</msg>
<status status="PASS" starttime="20231029 13:30:05.809" endtime="20231029 13:30:07.810"/>
</kw>
<status status="PASS" starttime="20231029 13:30:00.688" endtime="20231029 13:30:07.810"/>
</kw>
<kw name="Click Logout button" library="LoginPage_Keywords">
<kw name="Click Element" library="SeleniumLibrary">
<arg>${link_logout}</arg>
<doc>Click the element identified by ``locator``.</doc>
<msg timestamp="20231029 13:30:07.812" level="INFO">Clicking element '//a[normalize-space()='Logout']'.</msg>
<status status="PASS" starttime="20231029 13:30:07.811" endtime="20231029 13:30:11.819"/>
</kw>
<status status="PASS" starttime="20231029 13:30:07.811" endtime="20231029 13:30:11.819"/>
</kw>
<kw name="Close Nocomm Browser" library="AddStoreInfo_Keywords">
<kw name="Close Browser" library="SeleniumLibrary">
<doc>Closes the current browser.</doc>
<status status="PASS" starttime="20231029 13:30:11.822" endtime="20231029 13:30:12.957"/>
</kw>
<status status="PASS" starttime="20231029 13:30:11.820" endtime="20231029 13:30:12.957"/>
</kw>
<kw name="Back to store">
<msg timestamp="20231029 13:30:12.960" level="FAIL">No keyword with name 'Back to store' found.</msg>
<status status="FAIL" starttime="20231029 13:30:12.960" endtime="20231029 13:30:12.960"/>
</kw>
<status status="FAIL" starttime="20231029 13:29:26.511" endtime="20231029 13:30:12.961">No keyword with name 'Back to store' found.</status>
</test>
<status status="FAIL" starttime="20231029 13:29:26.025" endtime="20231029 13:30:12.962"/>
</suite>
<statistics>
<total>
<stat pass="0" fail="1" skip="0">All Tests</stat>
</total>
<tag>
</tag>
<suite>
<stat pass="0" fail="1" skip="0" id="s1" name="NopCommLogin">NopCommLogin</stat>
</suite>
</statistics>
<errors>
</errors>
</robot>
